[2026-03-11 13:05:45] local.ERROR: Method Filament\Forms\Components\FileUpload::searchable does not exist. {"userId":1,"exception":"[object] (BadMethodCallException(code: 0): Method Filament\\Forms\\Components\\FileUpload::searchable does not exist. at C:/laragon/www/scolar/vendor/filament/support/src/Concerns/Macroable.php:77)
[stacktrace]
#0 C:/laragon/www/scolar/app/Filament/Resources/Discentes/DiscenteResource.php(73): Filament/Support/Components/Component->__call('searchable', Array)
#1 C:/laragon/www/scolar/vendor/filament/filament/src/Resources/Resource.php(70): App/Filament/Resources/Discentes/DiscenteResource::table(Object(Filament/Tables/Table))
#2 C:/laragon/www/scolar/vendor/filament/filament/src/Resources/Pages/ListRecords.php(213): Filament/Resources/Resource::configureTable(Object(Filament/Tables/Table))
#3 C:/laragon/www/scolar/vendor/filament/tables/src/Concerns/InteractsWithTable.php(47): Filament/Resources/Pages/ListRecords->makeTable()
--
#29 C:/laragon/www/scolar/vendor/laravel/framework/src/Illuminate/View/Middleware/ShareErrorsFromSession.php(49): Illuminate/Pipeline/Pipeline->Illuminate/Pipeline/{closure}(Object(Illuminate/Http/Request))
#30 C:/laragon/www/scolar/vendor/laravel/framework/src/Illuminate/Pipeline/Pipeline.php(209): Illuminate/View/Middleware/ShareErrorsFromSession->handle(Object(Illuminate/Http/Request), Object(Closure))
#31 C:/laragon/www/scolar/vendor/laravel/framework/src/Illuminate/Session/Middleware/StartSession.php(121): Illuminate/Pipeline/Pipeline->Illuminate/Pipeline/{closure}(Object(Illuminate/Http/Request))
#32 C:/laragon/www/scolar/vendor/laravel/framework/src/Illuminate/Session/Middleware/StartSession.php(64): Illuminate/Session/Middleware/StartSession->handleStatefulRequest(Object(Illuminate/Http/Request), Object(Illuminate/Session/Store), Object(Closure))
#33 C:/laragon/www/scolar/vendor/laravel/framework/src/Illuminate/Pipeline/Pipeline.php(209): Illuminate/Session/Middleware/StartSession->handle(Object(Illuminate/Http/Request), Object(Closure))
#34 C:/laragon/www/scolar/vendor/laravel/framework/src/Illuminate/Cookie/Middleware/AddQueuedCookiesToResponse.php(37): Illuminate/Pipeline/Pipeline->Illuminate/Pipeline/{closure}(Object(Illuminate/Http/Request))
#35 C:/laragon/www/scolar/vendor/laravel/framework/src/Illuminate/Pipeline/Pipeline.php(209): Illuminate/Cookie/Middleware/AddQueuedCookiesToResponse->handle(Object(Illuminate/Http/Request), Object(Closure))
--
[2026-03-11 13:05:51] local.ERROR: Method Filament\Forms\Components\FileUpload::searchable does not exist. {"userId":1,"exception":"[object] (BadMethodCallException(code: 0): Method Filament\\Forms\\Components\\FileUpload::searchable does not exist. at C:/laragon/www/scolar/vendor/filament/support/src/Concerns/Macroable.php:77)
[stacktrace]
#0 C:/laragon/www/scolar/app/Filament/Resources/Discentes/DiscenteResource.php(73): Filament/Support/Components/Component->__call('searchable', Array)
#1 C:/laragon/www/scolar/vendor/filament/filament/src/Resources/Resource.php(70): App/Filament/Resources/Discentes/DiscenteResource::table(Object(Filament/Tables/Table))
#2 C:/laragon/www/scolar/vendor/filament/filament/src/Resources/Pages/ListRecords.php(213): Filament/Resources/Resource::configureTable(Object(Filament/Tables/Table))
#3 C:/laragon/www/scolar/vendor/filament/tables/src/Concerns/InteractsWithTable.php(47): Filament/Resources/Pages/ListRecords->makeTable()
--
#29 C:/laragon/www/scolar/vendor/laravel/framework/src/Illuminate/View/Middleware/ShareErrorsFromSession.php(49): Illuminate/Pipeline/Pipeline->Illuminate/Pipeline/{closure}(Object(Illuminate/Http/Request))
#30 C:/laragon/www/scolar/vendor/laravel/framework/src/Illuminate/Pipeline/Pipeline.php(209): Illuminate/View/Middleware/ShareErrorsFromSession->handle(Object(Illuminate/Http/Request), Object(Closure))
#31 C:/laragon/www/scolar/vendor/laravel/framework/src/Illuminate/Session/Middleware/StartSession.php(121): Illuminate/Pipeline/Pipeline->Illuminate/Pipeline/{closure}(Object(Illuminate/Http/Request))
#32 C:/laragon/www/scolar/vendor/laravel/framework/src/Illuminate/Session/Middleware/StartSession.php(64): Illuminate/Session/Middleware/StartSession->handleStatefulRequest(Object(Illuminate/Http/Request), Object(Illuminate/Session/Store), Object(Closure))
#33 C:/laragon/www/scolar/vendor/laravel/framework/src/Illuminate/Pipeline/Pipeline.php(209): Illuminate/Session/Middleware/StartSession->handle(Object(Illuminate/Http/Request), Object(Closure))
#34 C:/laragon/www/scolar/vendor/laravel/framework/src/Illuminate/Cookie/Middleware/AddQueuedCookiesToResponse.php(37): Illuminate/Pipeline/Pipeline->Illuminate/Pipeline/{closure}(Object(Illuminate/Http/Request))
#35 C:/laragon/www/scolar/vendor/laravel/framework/src/Illuminate/Pipeline/Pipeline.php(209): Illuminate/Cookie/Middleware/AddQueuedCookiesToResponse->handle(Object(Illuminate/Http/Request), Object(Closure))
--
[2026-03-11 13:06:12] local.ERROR: Method Filament\Forms\Components\FileUpload::table does not exist. {"userId":1,"exception":"[object] (BadMethodCallException(code: 0): Method Filament\\Forms\\Components\\FileUpload::table does not exist. at C:/laragon/www/scolar/vendor/filament/support/src/Concerns/Macroable.php:77)
[stacktrace]
#0 C:/laragon/www/scolar/vendor/filament/tables/src/Table/Concerns/HasColumns.php(54): Filament/Support/Components/Component->__call('table', Array)
#1 C:/laragon/www/scolar/vendor/filament/tables/src/Table/Concerns/HasColumns.php(43): Filament/Tables/Table->pushColumns(Array)
#2 C:/laragon/www/scolar/app/Filament/Resources/Discentes/DiscenteResource.php(55): Filament/Tables/Table->columns(Array)
#3 C:/laragon/www/scolar/vendor/filament/filament/src/Resources/Resource.php(70): App/Filament/Resources/Discentes/DiscenteResource::table(Object(Filament/Tables/Table))
--
#31 C:/laragon/www/scolar/vendor/laravel/framework/src/Illuminate/View/Middleware/ShareErrorsFromSession.php(49): Illuminate/Pipeline/Pipeline->Illuminate/Pipeline/{closure}(Object(Illuminate/Http/Request))
#32 C:/laragon/www/scolar/vendor/laravel/framework/src/Illuminate/Pipeline/Pipeline.php(209): Illuminate/View/Middleware/ShareErrorsFromSession->handle(Object(Illuminate/Http/Request), Object(Closure))
#33 C:/laragon/www/scolar/vendor/laravel/framework/src/Illuminate/Session/Middleware/StartSession.php(121): Illuminate/Pipeline/Pipeline->Illuminate/Pipeline/{closure}(Object(Illuminate/Http/Request))
#34 C:/laragon/www/scolar/vendor/laravel/framework/src/Illuminate/Session/Middleware/StartSession.php(64): Illuminate/Session/Middleware/StartSession->handleStatefulRequest(Object(Illuminate/Http/Request), Object(Illuminate/Session/Store), Object(Closure))
#35 C:/laragon/www/scolar/vendor/laravel/framework/src/Illuminate/Pipeline/Pipeline.php(209): Illuminate/Session/Middleware/StartSession->handle(Object(Illuminate/Http/Request), Object(Closure))
#36 C:/laragon/www/scolar/vendor/laravel/framework/src/Illuminate/Cookie/Middleware/AddQueuedCookiesToResponse.php(37): Illuminate/Pipeline/Pipeline->Illuminate/Pipeline/{closure}(Object(Illuminate/Http/Request))
#37 C:/laragon/www/scolar/vendor/laravel/framework/src/Illuminate/Pipeline/Pipeline.php(209): Illuminate/Cookie/Middleware/AddQueuedCookiesToResponse->handle(Object(Illuminate/Http/Request), Object(Closure))
--
[2026-03-11 13:06:18] local.ERROR: Method Filament\Forms\Components\FileUpload::table does not exist. {"userId":1,"exception":"[object] (BadMethodCallException(code: 0): Method Filament\\Forms\\Components\\FileUpload::table does not exist. at C:/laragon/www/scolar/vendor/filament/support/src/Concerns/Macroable.php:77)
[stacktrace]
#0 C:/laragon/www/scolar/vendor/filament/tables/src/Table/Concerns/HasColumns.php(54): Filament/Support/Components/Component->__call('table', Array)
#1 C:/laragon/www/scolar/vendor/filament/tables/src/Table/Concerns/HasColumns.php(43): Filament/Tables/Table->pushColumns(Array)
#2 C:/laragon/www/scolar/app/Filament/Resources/Discentes/DiscenteResource.php(55): Filament/Tables/Table->columns(Array)
#3 C:/laragon/www/scolar/vendor/filament/filament/src/Resources/Resource.php(70): App/Filament/Resources/Discentes/DiscenteResource::table(Object(Filament/Tables/Table))
--
#39 C:/laragon/www/scolar/vendor/laravel/framework/src/Illuminate/View/Middleware/ShareErrorsFromSession.php(49): Illuminate/Pipeline/Pipeline->Illuminate/Pipeline/{closure}(Object(Illuminate/Http/Request))
#40 C:/laragon/www/scolar/vendor/laravel/framework/src/Illuminate/Pipeline/Pipeline.php(209): Illuminate/View/Middleware/ShareErrorsFromSession->handle(Object(Illuminate/Http/Request), Object(Closure))
#41 C:/laragon/www/scolar/vendor/laravel/framework/src/Illuminate/Session/Middleware/StartSession.php(121): Illuminate/Pipeline/Pipeline->Illuminate/Pipeline/{closure}(Object(Illuminate/Http/Request))
#42 C:/laragon/www/scolar/vendor/laravel/framework/src/Illuminate/Session/Middleware/StartSession.php(64): Illuminate/Session/Middleware/StartSession->handleStatefulRequest(Object(Illuminate/Http/Request), Object(Illuminate/Session/Store), Object(Closure))
#43 C:/laragon/www/scolar/vendor/laravel/framework/src/Illuminate/Pipeline/Pipeline.php(209): Illuminate/Session/Middleware/StartSession->handle(Object(Illuminate/Http/Request), Object(Closure))
#44 C:/laragon/www/scolar/vendor/laravel/framework/src/Illuminate/Cookie/Middleware/AddQueuedCookiesToResponse.php(37): Illuminate/Pipeline/Pipeline->Illuminate/Pipeline/{closure}(Object(Illuminate/Http/Request))
#45 C:/laragon/www/scolar/vendor/laravel/framework/src/Illuminate/Pipeline/Pipeline.php(209): Illuminate/Cookie/Middleware/AddQueuedCookiesToResponse->handle(Object(Illuminate/Http/Request), Object(Closure))
--
#69 C:/laragon/www/scolar/vendor/laravel/framework/src/Illuminate/Foundation/Http/Kernel.php(201): Illuminate/Routing/Router->dispatch(Object(Illuminate/Http/Request))
#70 C:/laragon/www/scolar/vendor/laravel/framework/src/Illuminate/Pipeline/Pipeline.php(170): Illuminate/Foundation/Http/Kernel->Illuminate/Foundation/Http/{closure}(Object(Illuminate/Http/Request))
#71 C:/laragon/www/scolar/vendor/livewire/livewire/src/Features/SupportDisablingBackButtonCache/DisableBackButtonCacheMiddleware.php(19): Illuminate/Pipeline/Pipeline->Illuminate/Pipeline/{closure}(Object(Illuminate/Http/Request))
#72 C:/laragon/www/scolar/vendor/laravel/framework/src/Illuminate/Pipeline/Pipeline.php(209): Livewire/Features/SupportDisablingBackButtonCache/DisableBackButtonCacheMiddleware->handle(Object(Illuminate/Http/Request), Object(Closure))
#73 C:/laragon/www/scolar/vendor/laravel/framework/src/Illuminate/Foundation/Http/Middleware/TransformsRequest.php(21): Illuminate/Pipeline/Pipeline->Illuminate/Pipeline/{closure}(Object(Illuminate/Http/Request))
#74 C:/laragon/www/scolar/vendor/laravel/framework/src/Illuminate/Foundation/Http/Middleware/ConvertEmptyStringsToNull.php(31): Illuminate/Foundation/Http/Middleware/TransformsRequest->handle(Object(Illuminate/Http/Request), Object(Closure))
#75 C:/laragon/www/scolar/vendor/laravel/framework/src/Illuminate/Pipeline/Pipeline.php(209): Illuminate/Foundation/Http/Middleware/ConvertEmptyStringsToNull->handle(Object(Illuminate/Http/Request), Object(Closure))
#76 C:/laragon/www/scolar/vendor/laravel/framework/src/Illuminate/Foundation/Http/Middleware/TransformsRequest.php(21): Illuminate/Pipeline/Pipeline->Illuminate/Pipeline/{closure}(Object(Illuminate/Http/Request))
#77 C:/laragon/www/scolar/vendor/laravel/framework/src/Illuminate/Foundation/Http/Middleware/TrimStrings.php(51): Illuminate/Foundation/Http/Middleware/TransformsRequest->handle(Object(Illuminate/Http/Request), Object(Closure))
#78 C:/laragon/www/scolar/vendor/laravel/framework/src/Illuminate/Pipeline/Pipeline.php(209): Illuminate/Foundation/Http/Middleware/TrimStrings->handle(Object(Illuminate/Http/Request), Object(Closure))
#79 C:/laragon/www/scolar/vendor/laravel/framework/src/Illuminate/Http/Middleware/ValidatePostSize.php(27): Illuminate/Pipeline/Pipeline->Illuminate/Pipeline/{closure}(Object(Illuminate/Http/Request))
#80 C:/laragon/www/scolar/vendor/laravel/framework/src/Illuminate/Pipeline/Pipeline.php(209): Illuminate/Http/Middleware/ValidatePostSize->handle(Object(Illuminate/Http/Request), Object(Closure))
#81 C:/laragon/www/scolar/vendor/laravel/framework/src/Illuminate/Foundation/Http/Middleware/PreventRequestsDuringMaintenance.php(110): Illuminate/Pipeline/Pipeline->Illuminate/Pipeline/{closure}(Object(Illuminate/Http/Request))
#82 C:/laragon/www/scolar/vendor/laravel/framework/src/Illuminate/Pipeline/Pipeline.php(209): Illuminate/Foundation/Http/Middleware/PreventRequestsDuringMaintenance->handle(Object(Illuminate/Http/Request), Object(Closure))
#83 C:/laragon/www/scolar/vendor/laravel/framework/src/Illuminate/Http/Middleware/HandleCors.php(49): Illuminate/Pipeline/Pipeline->Illuminate/Pipeline/{closure}(Object(Illuminate/Http/Request))
#84 C:/laragon/www/scolar/vendor/laravel/framework/src/Illuminate/Pipeline/Pipeline.php(209): Illuminate/Http/Middleware/HandleCors->handle(Object(Illuminate/Http/Request), Object(Closure))
#85 C:/laragon/www/scolar/vendor/laravel/framework/src/Illuminate/Http/Middleware/TrustProxies.php(58): Illuminate/Pipeline/Pipeline->Illuminate/Pipeline/{closure}(Object(Illuminate/Http/Request))
#86 C:/laragon/www/scolar/vendor/laravel/framework/src/Illuminate/Pipeline/Pipeline.php(209): Illuminate/Http/Middleware/TrustProxies->handle(Object(Illuminate/Http/Request), Object(Closure))
#87 C:/laragon/www/scolar/vendor/laravel/framework/src/Illuminate/Foundation/Http/Middleware/InvokeDeferredCallbacks.php(22): Illuminate/Pipeline/Pipeline->Illuminate/Pipeline/{closure}(Object(Illuminate/Http/Request))
#88 C:/laragon/www/scolar/vendor/laravel/framework/src/Illuminate/Pipeline/Pipeline.php(209): Illuminate/Foundation/Http/Middleware/InvokeDeferredCallbacks->handle(Object(Illuminate/Http/Request), Object(Closure))
#89 C:/laragon/www/scolar/vendor/laravel/framework/src/Illuminate/Pipeline/Pipeline.php(127): Illuminate/Pipeline/Pipeline->Illuminate/Pipeline/{closure}(Object(Illuminate/Http/Request))
#90 C:/laragon/www/scolar/vendor/laravel/framework/src/Illuminate/Foundation/Http/Kernel.php(176): Illuminate/Pipeline/Pipeline->then(Object(Closure))
#91 C:/laragon/www/scolar/vendor/laravel/framework/src/Illuminate/Foundation/Http/Kernel.php(145): Illuminate/Foundation/Http/Kernel->sendRequestThroughRouter(Object(Illuminate/Http/Request))
#92 C:/laragon/www/scolar/vendor/laravel/framework/src/Illuminate/Foundation/Application.php(1220): Illuminate/Foundation/Http/Kernel->handle(Object(Illuminate/Http/Request))
#93 C:/laragon/www/scolar/public/index.php(17): Illuminate/Foundation/Application->handleRequest(Object(Illuminate/Http/Request))
#94 {main}
"} 
[2026-03-17 13:16:36] local.ERROR: Method Filament\Forms\Components\ToggleButtons::color does not exist. {"userId":1,"exception":"[object] (BadMethodCallException(code: 0): Method Filament\\Forms\\Components\\ToggleButtons::color does not exist. at C:/laragon/www/scolar/vendor/filament/support/src/Concerns/Macroable.php:77)
[stacktrace]
#0 C:/laragon/www/scolar/app/Filament/Pages/LancarNotasConselho.php(90): Filament/Support/Components/Component->__call('color', Array)
#1 C:/laragon/www/scolar/vendor/filament/forms/src/Concerns/InteractsWithForms.php(70): App/Filament/Pages/LancarNotasConselho->form(Object(Filament/Schemas/Schema))
#2 C:/laragon/www/scolar/vendor/laravel/framework/src/Illuminate/Collections/Arr.php(636): App/Filament/Pages/LancarNotasConselho->Filament/Forms/Concerns/{closure}('form', 0)
#3 C:/laragon/www/scolar/vendor/laravel/framework/src/Illuminate/Collections/Collection.php(847): Illuminate/Support/Arr::mapWithKeys(Array, Object(Closure))
#4 C:/laragon/www/scolar/vendor/filament/forms/src/Concerns/InteractsWithForms.php(55): Illuminate/Support/Collection->mapWithKeys(Object(Closure))
#5 C:/laragon/www/scolar/vendor/filament/forms/src/Concerns/InteractsWithForms.php(28): App/Filament/Pages/LancarNotasConselho->cacheForms()
#6 C:/laragon/www/scolar/vendor/filament/schemas/src/Concerns/InteractsWithSchemas.php(311): App/Filament/Pages/LancarNotasConselho->getCachedSchemas()
#7 C:/laragon/www/scolar/vendor/filament/schemas/src/Concerns/InteractsWithSchemas.php(316): App/Filament/Pages/LancarNotasConselho->hasCachedSchema('form')
#8 C:/laragon/www/scolar/vendor/filament/schemas/src/Concerns/ResolvesDynamicLivewireProperties.php(26): App/Filament/Pages/LancarNotasConselho->getSchema('form')
#9 C:/laragon/www/scolar/vendor/filament/schemas/src/Concerns/ResolvesDynamicLivewireProperties.php(19): Filament/Pages/BasePage->__get('form')
#10 C:/laragon/www/scolar/app/Filament/Pages/LancarNotasConselho.php(35): App/Filament/Pages/LancarNotasConselho->__get('form')
#11 C:/laragon/www/scolar/vendor/laravel/framework/src/Illuminate/Container/BoundMethod.php(36): App/Filament/Pages/LancarNotasConselho->mount()
#12 C:/laragon/www/scolar/vendor/laravel/framework/src/Illuminate/Container/Util.php(43): Illuminate/Container/BoundMethod::Illuminate/Container/{closure}()
#13 C:/laragon/www/scolar/vendor/laravel/framework/src/Illuminate/Container/BoundMethod.php(95): Illuminate/Container/Util::unwrapIfClosure(Object(Closure))
#14 C:/laragon/www/scolar/vendor/laravel/framework/src/Illuminate/Container/BoundMethod.php(35): Illuminate/Container/BoundMethod::callBoundMethod(Object(Illuminate/Foundation/Application), Array, Object(Closure))
#15 C:/laragon/www/scolar/vendor/livewire/livewire/src/Wrapped.php(23): Illuminate/Container/BoundMethod::call(Object(Illuminate/Foundation/Application), Array, Array)
#16 C:/laragon/www/scolar/vendor/livewire/livewire/src/Features/SupportLifecycleHooks/SupportLifecycleHooks.php(176): Livewire/Wrapped->__call('mount', Array)
#17 C:/laragon/www/scolar/vendor/livewire/livewire/src/Features/SupportLifecycleHooks/SupportLifecycleHooks.php(35): Livewire/Features/SupportLifecycleHooks/SupportLifecycleHooks->callHook('mount', Array)
#18 C:/laragon/www/scolar/vendor/livewire/livewire/src/ComponentHook.php(19): Livewire/Features/SupportLifecycleHooks/SupportLifecycleHooks->mount(Array, false, Array)
#19 C:/laragon/www/scolar/vendor/livewire/livewire/src/ComponentHookRegistry.php(45): Livewire/ComponentHook->callMount(Array, false, Array)
#20 C:/laragon/www/scolar/vendor/livewire/livewire/src/EventBus.php(87): Livewire/ComponentHookRegistry::Livewire/{closure}(Object(App/Filament/Pages/LancarNotasConselho), Array, NULL, false, Array)
#21 C:/laragon/www/scolar/vendor/livewire/livewire/src/helpers.php(98): Livewire/EventBus->trigger('mount', Object(App/Filament/Pages/LancarNotasConselho), Array, NULL, false, Array)
#22 C:/laragon/www/scolar/vendor/livewire/livewire/src/Mechanisms/HandleComponents/HandleComponents.php(76): Livewire/trigger('mount', Object(App/Filament/Pages/LancarNotasConselho), Array, NULL, false, Array)
#23 C:/laragon/www/scolar/vendor/livewire/livewire/src/LivewireManager.php(102): Livewire/Mechanisms/HandleComponents/HandleComponents->mount('App//Filament//Pa...', Array, NULL, Array)
#24 C:/laragon/www/scolar/vendor/livewire/livewire/src/Features/SupportPageComponents/HandlesPageComponents.php(19): Livewire/LivewireManager->mount('App//Filament//Pa...', Array)
#25 C:/laragon/www/scolar/vendor/livewire/livewire/src/Features/SupportPageComponents/SupportPageComponents.php(118): Livewire/Component->Livewire/Features/SupportPageComponents/{closure}()
#26 C:/laragon/www/scolar/vendor/livewire/livewire/src/Features/SupportPageComponents/HandlesPageComponents.php(14): Livewire/Features/SupportPageComponents/SupportPageComponents::interceptTheRenderOfTheComponentAndRetreiveTheLayoutConfiguration(Object(Closure))
#27 C:/laragon/www/scolar/vendor/laravel/framework/src/Illuminate/Routing/ControllerDispatcher.php(47): Livewire/Component->__invoke()
#28 C:/laragon/www/scolar/vendor/laravel/framework/src/Illuminate/Routing/Route.php(266): Illuminate/Routing/ControllerDispatcher->dispatch(Object(Illuminate/Routing/Route), Object(App/Filament/Pages/LancarNotasConselho), '__invoke')
#29 C:/laragon/www/scolar/vendor/laravel/framework/src/Illuminate/Routing/Route.php(212): Illuminate/Routing/Route->runController()
#30 C:/laragon/www/scolar/vendor/laravel/framework/src/Illuminate/Routing/Router.php(808): Illuminate/Routing/Route->run()
#31 C:/laragon/www/scolar/vendor/laravel/framework/src/Illuminate/Pipeline/Pipeline.php(170): Illuminate/Routing/Router->Illuminate/Routing/{closure}(Object(Illuminate/Http/Request))
#32 C:/laragon/www/scolar/vendor/filament/filament/src/Http/Middleware/DispatchServingFilamentEvent.php(15): Illuminate/Pipeline/Pipeline->Illuminate/Pipeline/{closure}(Object(Illuminate/Http/Request))
#33 C:/laragon/www/scolar/vendor/laravel/framework/src/Illuminate/Pipeline/Pipeline.php(209): Filament/Http/Middleware/DispatchServingFilamentEvent->handle(Object(Illuminate/Http/Request), Object(Closure))
#34 C:/laragon/www/scolar/vendor/filament/filament/src/Http/Middleware/DisableBladeIconComponents.php(14): Illuminate/Pipeline/Pipeline->Illuminate/Pipeline/{closure}(Object(Illuminate/Http/Request))
#35 C:/laragon/www/scolar/vendor/laravel/framework/src/Illuminate/Pipeline/Pipeline.php(209): Filament/Http/Middleware/DisableBladeIconComponents->handle(Object(Illuminate/Http/Request), Object(Closure))
#36 C:/laragon/www/scolar/vendor/laravel/framework/src/Illuminate/Routing/Middleware/SubstituteBindings.php(51): Illuminate/Pipeline/Pipeline->Illuminate/Pipeline/{closure}(Object(Illuminate/Http/Request))
#37 C:/laragon/www/scolar/vendor/laravel/framework/src/Illuminate/Pipeline/Pipeline.php(209): Illuminate/Routing/Middleware/SubstituteBindings->handle(Object(Illuminate/Http/Request), Object(Closure))
#38 C:/laragon/www/scolar/vendor/laravel/framework/src/Illuminate/Foundation/Http/Middleware/VerifyCsrfToken.php(88): Illuminate/Pipeline/Pipeline->Illuminate/Pipeline/{closure}(Object(Illuminate/Http/Request))
#39 C:/laragon/www/scolar/vendor/laravel/framework/src/Illuminate/Pipeline/Pipeline.php(209): Illuminate/Foundation/Http/Middleware/VerifyCsrfToken->handle(Object(Illuminate/Http/Request), Object(Closure))
#40 C:/laragon/www/scolar/vendor/laravel/framework/src/Illuminate/Session/Middleware/AuthenticateSession.php(67): Illuminate/Pipeline/Pipeline->Illuminate/Pipeline/{closure}(Object(Illuminate/Http/Request))
#41 C:/laragon/www/scolar/vendor/laravel/framework/src/Illuminate/Pipeline/Pipeline.php(209): Illuminate/Session/Middleware/AuthenticateSession->handle(Object(Illuminate/Http/Request), Object(Closure))
#42 C:/laragon/www/scolar/vendor/laravel/framework/src/Illuminate/Auth/Middleware/Authenticate.php(64): Illuminate/Pipeline/Pipeline->Illuminate/Pipeline/{closure}(Object(Illuminate/Http/Request))
#43 C:/laragon/www/scolar/vendor/laravel/framework/src/Illuminate/Pipeline/Pipeline.php(209): Illuminate/Auth/Middleware/Authenticate->handle(Object(Illuminate/Http/Request), Object(Closure))
#44 C:/laragon/www/scolar/vendor/laravel/framework/src/Illuminate/View/Middleware/ShareErrorsFromSession.php(49): Illuminate/Pipeline/Pipeline->Illuminate/Pipeline/{closure}(Object(Illuminate/Http/Request))
#45 C:/laragon/www/scolar/vendor/laravel/framework/src/Illuminate/Pipeline/Pipeline.php(209): Illuminate/View/Middleware/ShareErrorsFromSession->handle(Object(Illuminate/Http/Request), Object(Closure))
#46 C:/laragon/www/scolar/vendor/laravel/framework/src/Illuminate/Session/Middleware/StartSession.php(121): Illuminate/Pipeline/Pipeline->Illuminate/Pipeline/{closure}(Object(Illuminate/Http/Request))
#47 C:/laragon/www/scolar/vendor/laravel/framework/src/Illuminate/Session/Middleware/StartSession.php(64): Illuminate/Session/Middleware/StartSession->handleStatefulRequest(Object(Illuminate/Http/Request), Object(Illuminate/Session/Store), Object(Closure))
#48 C:/laragon/www/scolar/vendor/laravel/framework/src/Illuminate/Pipeline/Pipeline.php(209): Illuminate/Session/Middleware/StartSession->handle(Object(Illuminate/Http/Request), Object(Closure))
#49 C:/laragon/www/scolar/vendor/laravel/framework/src/Illuminate/Cookie/Middleware/AddQueuedCookiesToResponse.php(37): Illuminate/Pipeline/Pipeline->Illuminate/Pipeline/{closure}(Object(Illuminate/Http/Request))
#50 C:/laragon/www/scolar/vendor/laravel/framework/src/Illuminate/Pipeline/Pipeline.php(209): Illuminate/Cookie/Middleware/AddQueuedCookiesToResponse->handle(Object(Illuminate/Http/Request), Object(Closure))
#51 C:/laragon/www/scolar/vendor/laravel/framework/src/Illuminate/Cookie/Middleware/EncryptCookies.php(75): Illuminate/Pipeline/Pipeline->Illuminate/Pipeline/{closure}(Object(Illuminate/Http/Request))
#52 C:/laragon/www/scolar/vendor/laravel/framework/src/Illuminate/Pipeline/Pipeline.php(209): Illuminate/Cookie/Middleware/EncryptCookies->handle(Object(Illuminate/Http/Request), Object(Closure))
#53 C:/laragon/www/scolar/vendor/filament/filament/src/Http/Middleware/SetUpPanel.php(19): Illuminate/Pipeline/Pipeline->Illuminate/Pipeline/{closure}(Object(Illuminate/Http/Request))
#54 C:/laragon/www/scolar/vendor/laravel/framework/src/Illuminate/Pipeline/Pipeline.php(209): Filament/Http/Middleware/SetUpPanel->handle(Object(Illuminate/Http/Request), Object(Closure), Object(Filament/Panel))
#55 C:/laragon/www/scolar/vendor/laravel/framework/src/Illuminate/Pipeline/Pipeline.php(127): Illuminate/Pipeline/Pipeline->Illuminate/Pipeline/{closure}(Object(Illuminate/Http/Request))
#56 C:/laragon/www/scolar/vendor/laravel/framework/src/Illuminate/Routing/Router.php(807): Illuminate/Pipeline/Pipeline->then(Object(Closure))
#57 C:/laragon/www/scolar/vendor/laravel/framework/src/Illuminate/Routing/Router.php(786): Illuminate/Routing/Router->runRouteWithinStack(Object(Illuminate/Routing/Route), Object(Illuminate/Http/Request))
#58 C:/laragon/www/scolar/vendor/laravel/framework/src/Illuminate/Routing/Router.php(750): Illuminate/Routing/Router->runRoute(Object(Illuminate/Http/Request), Object(Illuminate/Routing/Route))
#59 C:/laragon/www/scolar/vendor/laravel/framework/src/Illuminate/Routing/Router.php(739): Illuminate/Routing/Router->dispatchToRoute(Object(Illuminate/Http/Request))
#60 C:/laragon/www/scolar/vendor/laravel/framework/src/Illuminate/Foundation/Http/Kernel.php(201): Illuminate/Routing/Router->dispatch(Object(Illuminate/Http/Request))
#61 C:/laragon/www/scolar/vendor/laravel/framework/src/Illuminate/Pipeline/Pipeline.php(170): Illuminate/Foundation/Http/Kernel->Illuminate/Foundation/Http/{closure}(Object(Illuminate/Http/Request))
#62 C:/laragon/www/scolar/vendor/livewire/livewire/src/Features/SupportDisablingBackButtonCache/DisableBackButtonCacheMiddleware.php(19): Illuminate/Pipeline/Pipeline->Illuminate/Pipeline/{closure}(Object(Illuminate/Http/Request))
#63 C:/laragon/www/scolar/vendor/laravel/framework/src/Illuminate/Pipeline/Pipeline.php(209): Livewire/Features/SupportDisablingBackButtonCache/DisableBackButtonCacheMiddleware->handle(Object(Illuminate/Http/Request), Object(Closure))
#64 C:/laragon/www/scolar/vendor/laravel/framework/src/Illuminate/Foundation/Http/Middleware/TransformsRequest.php(21): Illuminate/Pipeline/Pipeline->Illuminate/Pipeline/{closure}(Object(Illuminate/Http/Request))
#65 C:/laragon/www/scolar/vendor/laravel/framework/src/Illuminate/Foundation/Http/Middleware/ConvertEmptyStringsToNull.php(31): Illuminate/Foundation/Http/Middleware/TransformsRequest->handle(Object(Illuminate/Http/Request), Object(Closure))
#66 C:/laragon/www/scolar/vendor/laravel/framework/src/Illuminate/Pipeline/Pipeline.php(209): Illuminate/Foundation/Http/Middleware/ConvertEmptyStringsToNull->handle(Object(Illuminate/Http/Request), Object(Closure))
#67 C:/laragon/www/scolar/vendor/laravel/framework/src/Illuminate/Foundation/Http/Middleware/TransformsRequest.php(21): Illuminate/Pipeline/Pipeline->Illuminate/Pipeline/{closure}(Object(Illuminate/Http/Request))
#68 C:/laragon/www/scolar/vendor/laravel/framework/src/Illuminate/Foundation/Http/Middleware/TrimStrings.php(51): Illuminate/Foundation/Http/Middleware/TransformsRequest->handle(Object(Illuminate/Http/Request), Object(Closure))
#69 C:/laragon/www/scolar/vendor/laravel/framework/src/Illuminate/Pipeline/Pipeline.php(209): Illuminate/Foundation/Http/Middleware/TrimStrings->handle(Object(Illuminate/Http/Request), Object(Closure))
#70 C:/laragon/www/scolar/vendor/laravel/framework/src/Illuminate/Http/Middleware/ValidatePostSize.php(27): Illuminate/Pipeline/Pipeline->Illuminate/Pipeline/{closure}(Object(Illuminate/Http/Request))
#71 C:/laragon/www/scolar/vendor/laravel/framework/src/Illuminate/Pipeline/Pipeline.php(209): Illuminate/Http/Middleware/ValidatePostSize->handle(Object(Illuminate/Http/Request), Object(Closure))
#72 C:/laragon/www/scolar/vendor/laravel/framework/src/Illuminate/Foundation/Http/Middleware/PreventRequestsDuringMaintenance.php(110): Illuminate/Pipeline/Pipeline->Illuminate/Pipeline/{closure}(Object(Illuminate/Http/Request))
#73 C:/laragon/www/scolar/vendor/laravel/framework/src/Illuminate/Pipeline/Pipeline.php(209): Illuminate/Foundation/Http/Middleware/PreventRequestsDuringMaintenance->handle(Object(Illuminate/Http/Request), Object(Closure))
#74 C:/laragon/www/scolar/vendor/laravel/framework/src/Illuminate/Http/Middleware/HandleCors.php(49): Illuminate/Pipeline/Pipeline->Illuminate/Pipeline/{closure}(Object(Illuminate/Http/Request))
#75 C:/laragon/www/scolar/vendor/laravel/framework/src/Illuminate/Pipeline/Pipeline.php(209): Illuminate/Http/Middleware/HandleCors->handle(Object(Illuminate/Http/Request), Object(Closure))
#76 C:/laragon/www/scolar/vendor/laravel/framework/src/Illuminate/Http/Middleware/TrustProxies.php(58): Illuminate/Pipeline/Pipeline->Illuminate/Pipeline/{closure}(Object(Illuminate/Http/Request))
#77 C:/laragon/www/scolar/vendor/laravel/framework/src/Illuminate/Pipeline/Pipeline.php(209): Illuminate/Http/Middleware/TrustProxies->handle(Object(Illuminate/Http/Request), Object(Closure))
#78 C:/laragon/www/scolar/vendor/laravel/framework/src/Illuminate/Foundation/Http/Middleware/InvokeDeferredCallbacks.php(22): Illuminate/Pipeline/Pipeline->Illuminate/Pipeline/{closure}(Object(Illuminate/Http/Request))
#79 C:/laragon/www/scolar/vendor/laravel/framework/src/Illuminate/Pipeline/Pipeline.php(209): Illuminate/Foundation/Http/Middleware/InvokeDeferredCallbacks->handle(Object(Illuminate/Http/Request), Object(Closure))
#80 C:/laragon/www/scolar/vendor/laravel/framework/src/Illuminate/Pipeline/Pipeline.php(127): Illuminate/Pipeline/Pipeline->Illuminate/Pipeline/{closure}(Object(Illuminate/Http/Request))
#81 C:/laragon/www/scolar/vendor/laravel/framework/src/Illuminate/Foundation/Http/Kernel.php(176): Illuminate/Pipeline/Pipeline->then(Object(Closure))
#82 C:/laragon/www/scolar/vendor/laravel/framework/src/Illuminate/Foundation/Http/Kernel.php(145): Illuminate/Foundation/Http/Kernel->sendRequestThroughRouter(Object(Illuminate/Http/Request))
#83 C:/laragon/www/scolar/vendor/laravel/framework/src/Illuminate/Foundation/Application.php(1220): Illuminate/Foundation/Http/Kernel->handle(Object(Illuminate/Http/Request))
#84 C:/laragon/www/scolar/public/index.php(17): Illuminate/Foundation/Application->handleRequest(Object(Illuminate/Http/Request))
#85 {main}
"} 
[2026-03-17 13:22:30] local.ERROR: Method Filament\Forms\Components\Repeater::emptyLabel does not exist. {"userId":1,"exception":"[object] (BadMethodCallException(code: 0): Method Filament\\Forms\\Components\\Repeater::emptyLabel does not exist. at C:/laragon/www/scolar/vendor/filament/support/src/Concerns/Macroable.php:77)
[stacktrace]
#0 C:/laragon/www/scolar/app/Filament/Pages/LancarNotasConselho.php(109): Filament/Support/Components/Component->__call('emptyLabel', Array)
#1 C:/laragon/www/scolar/vendor/filament/schemas/src/Concerns/InteractsWithSchemas.php(298): App/Filament/Pages/LancarNotasConselho->form(Object(Filament/Schemas/Schema))
#2 C:/laragon/www/scolar/vendor/filament/schemas/src/Concerns/InteractsWithSchemas.php(320): App/Filament/Pages/LancarNotasConselho->cacheSchema('form')
#3 C:/laragon/www/scolar/vendor/filament/schemas/src/Concerns/ResolvesDynamicLivewireProperties.php(26): App/Filament/Pages/LancarNotasConselho->getSchema('form')
#4 C:/laragon/www/scolar/vendor/filament/schemas/src/Concerns/ResolvesDynamicLivewireProperties.php(19): Filament/Pages/BasePage->__get('form')
#5 C:/laragon/www/scolar/app/Filament/Pages/LancarNotasConselho.php(35): App/Filament/Pages/LancarNotasConselho->__get('form')
#6 C:/laragon/www/scolar/vendor/laravel/framework/src/Illuminate/Container/BoundMethod.php(36): App/Filament/Pages/LancarNotasConselho->mount()
#7 C:/laragon/www/scolar/vendor/laravel/framework/src/Illuminate/Container/Util.php(43): Illuminate/Container/BoundMethod::Illuminate/Container/{closure}()
#8 C:/laragon/www/scolar/vendor/laravel/framework/src/Illuminate/Container/BoundMethod.php(95): Illuminate/Container/Util::unwrapIfClosure(Object(Closure))
#9 C:/laragon/www/scolar/vendor/laravel/framework/src/Illuminate/Container/BoundMethod.php(35): Illuminate/Container/BoundMethod::callBoundMethod(Object(Illuminate/Foundation/Application), Array, Object(Closure))
#10 C:/laragon/www/scolar/vendor/livewire/livewire/src/Wrapped.php(23): Illuminate/Container/BoundMethod::call(Object(Illuminate/Foundation/Application), Array, Array)
#11 C:/laragon/www/scolar/vendor/livewire/livewire/src/Features/SupportLifecycleHooks/SupportLifecycleHooks.php(176): Livewire/Wrapped->__call('mount', Array)
#12 C:/laragon/www/scolar/vendor/livewire/livewire/src/Features/SupportLifecycleHooks/SupportLifecycleHooks.php(35): Livewire/Features/SupportLifecycleHooks/SupportLifecycleHooks->callHook('mount', Array)
#13 C:/laragon/www/scolar/vendor/livewire/livewire/src/ComponentHook.php(19): Livewire/Features/SupportLifecycleHooks/SupportLifecycleHooks->mount(Array, false, Array)
#14 C:/laragon/www/scolar/vendor/livewire/livewire/src/ComponentHookRegistry.php(45): Livewire/ComponentHook->callMount(Array, false, Array)
#15 C:/laragon/www/scolar/vendor/livewire/livewire/src/EventBus.php(87): Livewire/ComponentHookRegistry::Livewire/{closure}(Object(App/Filament/Pages/LancarNotasConselho), Array, NULL, false, Array)
#16 C:/laragon/www/scolar/vendor/livewire/livewire/src/helpers.php(98): Livewire/EventBus->trigger('mount', Object(App/Filament/Pages/LancarNotasConselho), Array, NULL, false, Array)
#17 C:/laragon/www/scolar/vendor/livewire/livewire/src/Mechanisms/HandleComponents/HandleComponents.php(76): Livewire/trigger('mount', Object(App/Filament/Pages/LancarNotasConselho), Array, NULL, false, Array)
#18 C:/laragon/www/scolar/vendor/livewire/livewire/src/LivewireManager.php(102): Livewire/Mechanisms/HandleComponents/HandleComponents->mount('App//Filament//Pa...', Array, NULL, Array)
#19 C:/laragon/www/scolar/vendor/livewire/livewire/src/Features/SupportPageComponents/HandlesPageComponents.php(19): Livewire/LivewireManager->mount('App//Filament//Pa...', Array)
#20 C:/laragon/www/scolar/vendor/livewire/livewire/src/Features/SupportPageComponents/SupportPageComponents.php(118): Livewire/Component->Livewire/Features/SupportPageComponents/{closure}()
#21 C:/laragon/www/scolar/vendor/livewire/livewire/src/Features/SupportPageComponents/HandlesPageComponents.php(14): Livewire/Features/SupportPageComponents/SupportPageComponents::interceptTheRenderOfTheComponentAndRetreiveTheLayoutConfiguration(Object(Closure))
#22 C:/laragon/www/scolar/vendor/laravel/framework/src/Illuminate/Routing/ControllerDispatcher.php(47): Livewire/Component->__invoke()
#23 C:/laragon/www/scolar/vendor/laravel/framework/src/Illuminate/Routing/Route.php(266): Illuminate/Routing/ControllerDispatcher->dispatch(Object(Illuminate/Routing/Route), Object(App/Filament/Pages/LancarNotasConselho), '__invoke')
#24 C:/laragon/www/scolar/vendor/laravel/framework/src/Illuminate/Routing/Route.php(212): Illuminate/Routing/Route->runController()
#25 C:/laragon/www/scolar/vendor/laravel/framework/src/Illuminate/Routing/Router.php(808): Illuminate/Routing/Route->run()
#26 C:/laragon/www/scolar/vendor/laravel/framework/src/Illuminate/Pipeline/Pipeline.php(170): Illuminate/Routing/Router->Illuminate/Routing/{closure}(Object(Illuminate/Http/Request))
#27 C:/laragon/www/scolar/vendor/filament/filament/src/Http/Middleware/DispatchServingFilamentEvent.php(15): Illuminate/Pipeline/Pipeline->Illuminate/Pipeline/{closure}(Object(Illuminate/Http/Request))
#28 C:/laragon/www/scolar/vendor/laravel/framework/src/Illuminate/Pipeline/Pipeline.php(209): Filament/Http/Middleware/DispatchServingFilamentEvent->handle(Object(Illuminate/Http/Request), Object(Closure))
#29 C:/laragon/www/scolar/vendor/filament/filament/src/Http/Middleware/DisableBladeIconComponents.php(14): Illuminate/Pipeline/Pipeline->Illuminate/Pipeline/{closure}(Object(Illuminate/Http/Request))
#30 C:/laragon/www/scolar/vendor/laravel/framework/src/Illuminate/Pipeline/Pipeline.php(209): Filament/Http/Middleware/DisableBladeIconComponents->handle(Object(Illuminate/Http/Request), Object(Closure))
#31 C:/laragon/www/scolar/vendor/laravel/framework/src/Illuminate/Routing/Middleware/SubstituteBindings.php(51): Illuminate/Pipeline/Pipeline->Illuminate/Pipeline/{closure}(Object(Illuminate/Http/Request))
